# JRE version: OpenJDK Runtime Environment (8.0_292-b10) (build 1.8.0_292-b10)
# Java VM: OpenJDK 64-Bit Server VM (25.292-b10 mixed mode linux-amd64 compressed oops)
Heap:
 PSYoungGen      total 224768K, used 53493K [0x00000000f0000000, 0x0000000100000000, 0x0000000100000000)
  eden space 188416K, 16% used [0x00000000f0000000,0x00000000f1ef9560,0x00000000fb800000)
  from space 36352K, 59% used [0x00000000fb800000,0x00000000fcd44068,0x00000000fdb80000)
  to   space 36352K, 0% used [0x00000000fdc80000,0x00000000fdc80000,0x0000000100000000)
 ParOldGen       total 524288K, used 139636K [0x00000000d0000000, 0x00000000f0000000, 0x00000000f0000000)
  object space 524288K, 26% used [0x00000000d0000000,0x00000000d885d1d0,0x00000000f0000000)
 Metaspace       used 98565K, capacity 104500K, committed 106520K, reserved 1142784K
  class space    used 11953K, capacity 13382K, committed 13872K, reserved 1048576K
GC Heap History (10 events):
Event: 7193.581 GC heap before
{Heap before GC invocations=71 (full 3):
 PSYoungGen      total 220672K, used 193753K [0x00000000f0000000, 0x0000000100000000, 0x0000000100000000)
  eden space 180224K, 100% used [0x00000000f0000000,0x00000000fb000000,0x00000000fb000000)
  from space 40448K, 33% used [0x00000000fb000000,0x00000000fbd365e0,0x00000000fd780000)
  to   space 39424K, 0% used [0x00000000fd980000,0x00000000fd980000,0x0000000100000000)
 ParOldGen       total 524288K, used 157120K [0x00000000d0000000, 0x00000000f0000000, 0x00000000f0000000)
  object space 524288K, 29% used [0x00000000d0000000,0x00000000d9970390,0x00000000f0000000)
 Metaspace       used 89689K, capacity 96840K, committed 97048K, reserved 1132544K
  class space    used 11925K, capacity 13552K, committed 13616K, reserved 1048576K
Event: 7193.589 GC heap after
Heap after GC invocations=71 (full 3):
 PSYoungGen      total 223744K, used 11151K [0x00000000f0000000, 0x0000000100000000, 0x0000000100000000)
  eden space 184320K, 0% used [0x00000000f0000000,0x00000000f0000000,0x00000000fb400000)
  from space 39424K, 28% used [0x00000000fd980000,0x00000000fe463c30,0x0000000100000000)
  to   space 38400K, 0% used [0x00000000fb400000,0x00000000fb400000,0x00000000fd980000)
 ParOldGen       total 524288K, used 162241K [0x00000000d0000000, 0x00000000f0000000, 0x00000000f0000000)
  object space 524288K, 30% used [0x00000000d0000000,0x00000000d9e70528,0x00000000f0000000)
 Metaspace       used 89689K, capacity 96840K, committed 97048K, reserved 1132544K
  class space    used 11925K, capacity 13552K, committed 13616K, reserved 1048576K
}
Event: 7202.154 GC heap before
{Heap before GC invocations=72 (full 3):
 PSYoungGen      total 223744K, used 99774K [0x00000000f0000000, 0x0000000100000000, 0x0000000100000000)
  eden space 184320K, 48% used [0x00000000f0000000,0x00000000f568be80,0x00000000fb400000)
  from space 39424K, 28% used [0x00000000fd980000,0x00000000fe463c30,0x0000000100000000)
  to   space 38400K, 0% used [0x00000000fb400000,0x00000000fb400000,0x00000000fd980000)
 ParOldGen       total 524288K, used 162241K [0x00000000d0000000, 0x00000000f0000000, 0x00000000f0000000)
  object space 524288K, 30% used [0x00000000d0000000,0x00000000d9e70528,0x00000000f0000000)
 Metaspace       used 91213K, capacity 98424K, committed 98600K, reserved 1134592K
  class space    used 12019K, capacity 13623K, committed 13744K, reserved 1048576K
Event: 7202.163 GC heap after
Heap after GC invocations=72 (full 3):
 PSYoungGen      total 222720K, used 11337K [0x00000000f0000000, 0x0000000100000000, 0x0000000100000000)
  eden space 184320K, 0% used [0x00000000f0000000,0x00000000f0000000,0x00000000fb400000)
  from space 38400K, 29% used [0x00000000fb400000,0x00000000fbf12458,0x00000000fd980000)
  to   space 37376K, 0% used [0x00000000fdb80000,0x00000000fdb80000,0x0000000100000000)
 ParOldGen       total 524288K, used 164018K [0x00000000d0000000, 0x00000000f0000000, 0x00000000f0000000)
  object space 524288K, 31% used [0x00000000d0000000,0x00000000da02caa8,0x00000000f0000000)
 Metaspace       used 91213K, capacity 98424K, committed 98600K, reserved 1134592K
  class space    used 12019K, capacity 13623K, committed 13744K, reserved 1048576K
}
Event: 7202.163 GC heap before
{Heap before GC invocations=73 (full 4):
 PSYoungGen      total 222720K, used 11337K [0x00000000f0000000, 0x0000000100000000, 0x0000000100000000)
  eden space 184320K, 0% used [0x00000000f0000000,0x00000000f0000000,0x00000000fb400000)
  from space 38400K, 29% used [0x00000000fb400000,0x00000000fbf12458,0x00000000fd980000)
  to   space 37376K, 0% used [0x00000000fdb80000,0x00000000fdb80000,0x0000000100000000)
 ParOldGen       total 524288K, used 164018K [0x00000000d0000000, 0x00000000f0000000, 0x00000000f0000000)
  object space 524288K, 31% used [0x00000000d0000000,0x00000000da02caa8,0x00000000f0000000)
 Metaspace       used 91213K, capacity 98424K, committed 98600K, reserved 1134592K
  class space    used 12019K, capacity 13623K, committed 13744K, reserved 1048576K
Event: 7203.095 GC heap after
Heap after GC invocations=73 (full 4):
 PSYoungGen      total 222720K, used 0K [0x00000000f0000000, 0x0000000100000000, 0x0000000100000000)
  eden space 184320K, 0% used [0x00000000f0000000,0x00000000f0000000,0x00000000fb400000)
  from space 38400K, 0% used [0x00000000fb400000,0x00000000fb400000,0x00000000fd980000)
  to   space 37376K, 0% used [0x00000000fdb80000,0x00000000fdb80000,0x0000000100000000)
 ParOldGen       total 524288K, used 139628K [0x00000000d0000000, 0x00000000f0000000, 0x00000000f0000000)
  object space 524288K, 26% used [0x00000000d0000000,0x00000000d885b1d0,0x00000000f0000000)
 Metaspace       used 88923K, capacity 94772K, committed 98600K, reserved 1134592K
  class space    used 11411K, capacity 12796K, committed 13744K, reserved 1048576K
}
Event: 7204.003 GC heap before
{Heap before GC invocations=74 (full 4):
 PSYoungGen      total 222720K, used 184320K [0x00000000f0000000, 0x0000000100000000, 0x0000000100000000)
  eden space 184320K, 100% used [0x00000000f0000000,0x00000000fb400000,0x00000000fb400000)
  from space 38400K, 0% used [0x00000000fb400000,0x00000000fb400000,0x00000000fd980000)
  to   space 37376K, 0% used [0x00000000fdb80000,0x00000000fdb80000,0x0000000100000000)
 ParOldGen       total 524288K, used 139628K [0x00000000d0000000, 0x00000000f0000000, 0x00000000f0000000)
  object space 524288K, 26% used [0x00000000d0000000,0x00000000d885b1d0,0x00000000f0000000)
 Metaspace       used 91936K, capacity 97868K, committed 100248K, reserved 1136640K
  class space    used 11585K, capacity 12993K, committed 13744K, reserved 1048576K
Event: 7204.031 GC heap after
Heap after GC invocations=74 (full 4):
 PSYoungGen      total 225792K, used 11782K [0x00000000f0000000, 0x0000000100000000, 0x0000000100000000)
  eden space 188416K, 0% used [0x00000000f0000000,0x00000000f0000000,0x00000000fb800000)
  from space 37376K, 31% used [0x00000000fdb80000,0x00000000fe7019b8,0x0000000100000000)
  to   space 36352K, 0% used [0x00000000fb800000,0x00000000fb800000,0x00000000fdb80000)
 ParOldGen       total 524288K, used 139628K [0x00000000d0000000, 0x00000000f0000000, 0x00000000f0000000)
  object space 524288K, 26% used [0x00000000d0000000,0x00000000d885b1d0,0x00000000f0000000)
 Metaspace       used 91936K, capacity 97868K, committed 100248K, reserved 1136640K
  class space    used 11585K, capacity 12993K, committed 13744K, reserved 1048576K
}
Event: 7396.382 GC heap before
{Heap before GC invocations=75 (full 4):
 PSYoungGen      total 225792K, used 200198K [0x00000000f0000000, 0x0000000100000000, 0x0000000100000000)
  eden space 188416K, 100% used [0x00000000f0000000,0x00000000fb800000,0x00000000fb800000)
  from space 37376K, 31% used [0x00000000fdb80000,0x00000000fe7019b8,0x0000000100000000)
  to   space 36352K, 0% used [0x00000000fb800000,0x00000000fb800000,0x00000000fdb80000)
 ParOldGen       total 524288K, used 139628K [0x00000000d0000000, 0x00000000f0000000, 0x00000000f0000000)
  object space 524288K, 26% used [0x00000000d0000000,0x00000000d885b1d0,0x00000000f0000000)
 Metaspace       used 98382K, capacity 104304K, committed 106264K, reserved 1142784K
  class space    used 11934K, capacity 13361K, committed 13872K, reserved 1048576K
Event: 7396.389 GC heap after
Heap after GC invocations=75 (full 4):
 PSYoungGen      total 224768K, used 21776K [0x00000000f0000000, 0x0000000100000000, 0x0000000100000000)
  eden space 188416K, 0% used [0x00000000f0000000,0x00000000f0000000,0x00000000fb800000)
  from space 36352K, 59% used [0x00000000fb800000,0x00000000fcd44068,0x00000000fdb80000)
  to   space 36352K, 0% used [0x00000000fdc80000,0x00000000fdc80000,0x0000000100000000)
 ParOldGen       total 524288K, used 139636K [0x00000000d0000000, 0x00000000f0000000, 0x00000000f0000000)
  object space 524288K, 26% used [0x00000000d0000000,0x00000000d885d1d0,0x00000000f0000000)
 Metaspace       used 98382K, capacity 104304K, committed 106264K, reserved 1142784K
  class space    used 11934K, capacity 13361K, committed 13872K, reserved 1048576K
}

