# JRE version: OpenJDK Runtime Environment (8.0_292-b10) (build 1.8.0_292-b10)
# Java VM: OpenJDK 64-Bit Server VM (25.292-b10 mixed mode linux-amd64 compressed oops)
Heap:
 PSYoungGen      total 223232K, used 184783K [0x00000000f0000000, 0x0000000100000000, 0x0000000100000000)
  eden space 185344K, 99% used [0x00000000f0000000,0x00000000fb473e60,0x00000000fb500000)
  from space 37888K, 0% used [0x00000000fdb00000,0x00000000fdb00000,0x0000000100000000)
  to   space 38400K, 0% used [0x00000000fb500000,0x00000000fb500000,0x00000000fda80000)
 ParOldGen       total 524288K, used 137990K [0x00000000d0000000, 0x00000000f0000000, 0x00000000f0000000)
  object space 524288K, 26% used [0x00000000d0000000,0x00000000d86c1ba8,0x00000000f0000000)
 Metaspace       used 89900K, capacity 95482K, committed 98584K, reserved 1134592K
  class space    used 11345K, capacity 12832K, committed 13616K, reserved 1048576K
GC Heap History (10 events):
Event: 2846.487 GC heap before
{Heap before GC invocations=70 (full 3):
 PSYoungGen      total 219648K, used 188793K [0x00000000f0000000, 0x0000000100000000, 0x0000000100000000)
  eden space 176640K, 100% used [0x00000000f0000000,0x00000000fac80000,0x00000000fac80000)
  from space 43008K, 28% used [0x00000000fd600000,0x00000000fe1de6f8,0x0000000100000000)
  to   space 42496K, 0% used [0x00000000fac80000,0x00000000fac80000,0x00000000fd600000)
 ParOldGen       total 524288K, used 143283K [0x00000000d0000000, 0x00000000f0000000, 0x00000000f0000000)
  object space 524288K, 27% used [0x00000000d0000000,0x00000000d8becdb8,0x00000000f0000000)
 Metaspace       used 86670K, capacity 93154K, committed 93464K, reserved 1130496K
  class space    used 11539K, capacity 13296K, committed 13360K, reserved 1048576K
Event: 2846.493 GC heap after
Heap after GC invocations=70 (full 3):
 PSYoungGen      total 219136K, used 19152K [0x00000000f0000000, 0x0000000100000000, 0x0000000100000000)
  eden space 176640K, 0% used [0x00000000f0000000,0x00000000f0000000,0x00000000fac80000)
  from space 42496K, 45% used [0x00000000fac80000,0x00000000fbf343b8,0x00000000fd600000)
  to   space 40448K, 0% used [0x00000000fd880000,0x00000000fd880000,0x0000000100000000)
 ParOldGen       total 524288K, used 143499K [0x00000000d0000000, 0x00000000f0000000, 0x00000000f0000000)
  object space 524288K, 27% used [0x00000000d0000000,0x00000000d8c22db8,0x00000000f0000000)
 Metaspace       used 86670K, capacity 93154K, committed 93464K, reserved 1130496K
  class space    used 11539K, capacity 13296K, committed 13360K, reserved 1048576K
}
Event: 2934.797 GC heap before
{Heap before GC invocations=71 (full 3):
 PSYoungGen      total 219136K, used 195792K [0x00000000f0000000, 0x0000000100000000, 0x0000000100000000)
  eden space 176640K, 100% used [0x00000000f0000000,0x00000000fac80000,0x00000000fac80000)
  from space 42496K, 45% used [0x00000000fac80000,0x00000000fbf343b8,0x00000000fd600000)
  to   space 40448K, 0% used [0x00000000fd880000,0x00000000fd880000,0x0000000100000000)
 ParOldGen       total 524288K, used 143499K [0x00000000d0000000, 0x00000000f0000000, 0x00000000f0000000)
  object space 524288K, 27% used [0x00000000d0000000,0x00000000d8c22db8,0x00000000f0000000)
 Metaspace       used 87011K, capacity 93458K, committed 93720K, reserved 1130496K
  class space    used 11552K, capacity 13304K, committed 13360K, reserved 1048576K
Event: 2934.802 GC heap after
Heap after GC invocations=71 (full 3):
 PSYoungGen      total 223232K, used 18681K [0x00000000f0000000, 0x0000000100000000, 0x0000000100000000)
  eden space 182784K, 0% used [0x00000000f0000000,0x00000000f0000000,0x00000000fb280000)
  from space 40448K, 46% used [0x00000000fd880000,0x00000000feabe4f0,0x0000000100000000)
  to   space 38912K, 0% used [0x00000000fb280000,0x00000000fb280000,0x00000000fd880000)
 ParOldGen       total 524288K, used 143571K [0x00000000d0000000, 0x00000000f0000000, 0x00000000f0000000)
  object space 524288K, 27% used [0x00000000d0000000,0x00000000d8c34db8,0x00000000f0000000)
 Metaspace       used 87011K, capacity 93458K, committed 93720K, reserved 1130496K
  class space    used 11552K, capacity 13304K, committed 13360K, reserved 1048576K
}
Event: 2971.018 GC heap before
{Heap before GC invocations=72 (full 3):
 PSYoungGen      total 223232K, used 201465K [0x00000000f0000000, 0x0000000100000000, 0x0000000100000000)
  eden space 182784K, 100% used [0x00000000f0000000,0x00000000fb280000,0x00000000fb280000)
  from space 40448K, 46% used [0x00000000fd880000,0x00000000feabe4f0,0x0000000100000000)
  to   space 38912K, 0% used [0x00000000fb280000,0x00000000fb280000,0x00000000fd880000)
 ParOldGen       total 524288K, used 143571K [0x00000000d0000000, 0x00000000f0000000, 0x00000000f0000000)
  object space 524288K, 27% used [0x00000000d0000000,0x00000000d8c34db8,0x00000000f0000000)
 Metaspace       used 87971K, capacity 94370K, committed 94488K, reserved 1130496K
  class space    used 11606K, capacity 13345K, committed 13360K, reserved 1048576K
Event: 2971.037 GC heap after
Heap after GC invocations=72 (full 3):
 PSYoungGen      total 221696K, used 22018K [0x00000000f0000000, 0x0000000100000000, 0x0000000100000000)
  eden space 182784K, 0% used [0x00000000f0000000,0x00000000f0000000,0x00000000fb280000)
  from space 38912K, 56% used [0x00000000fb280000,0x00000000fc800a90,0x00000000fd880000)
  to   space 37888K, 0% used [0x00000000fdb00000,0x00000000fdb00000,0x0000000100000000)
 ParOldGen       total 524288K, used 143707K [0x00000000d0000000, 0x00000000f0000000, 0x00000000f0000000)
  object space 524288K, 27% used [0x00000000d0000000,0x00000000d8c56dc8,0x00000000f0000000)
 Metaspace       used 87971K, capacity 94370K, committed 94488K, reserved 1130496K
  class space    used 11606K, capacity 13345K, committed 13360K, reserved 1048576K
}
Event: 2971.698 GC heap before
{Heap before GC invocations=73 (full 3):
 PSYoungGen      total 221696K, used 141509K [0x00000000f0000000, 0x0000000100000000, 0x0000000100000000)
  eden space 182784K, 65% used [0x00000000f0000000,0x00000000f74b0cc0,0x00000000fb280000)
  from space 38912K, 56% used [0x00000000fb280000,0x00000000fc800a90,0x00000000fd880000)
  to   space 37888K, 0% used [0x00000000fdb00000,0x00000000fdb00000,0x0000000100000000)
 ParOldGen       total 524288K, used 143707K [0x00000000d0000000, 0x00000000f0000000, 0x00000000f0000000)
  object space 524288K, 27% used [0x00000000d0000000,0x00000000d8c56dc8,0x00000000f0000000)
 Metaspace       used 92061K, capacity 98560K, committed 98584K, reserved 1134592K
  class space    used 11826K, capacity 13605K, committed 13616K, reserved 1048576K
Event: 2971.770 GC heap after
Heap after GC invocations=73 (full 3):
 PSYoungGen      total 223232K, used 27126K [0x00000000f0000000, 0x0000000100000000, 0x0000000100000000)
  eden space 185344K, 0% used [0x00000000f0000000,0x00000000f0000000,0x00000000fb500000)
  from space 37888K, 71% used [0x00000000fdb00000,0x00000000ff57d8c0,0x0000000100000000)
  to   space 38400K, 0% used [0x00000000fb500000,0x00000000fb500000,0x00000000fda80000)
 ParOldGen       total 524288K, used 145033K [0x00000000d0000000, 0x00000000f0000000, 0x00000000f0000000)
  object space 524288K, 27% used [0x00000000d0000000,0x00000000d8da2540,0x00000000f0000000)
 Metaspace       used 92061K, capacity 98560K, committed 98584K, reserved 1134592K
  class space    used 11826K, capacity 13605K, committed 13616K, reserved 1048576K
}
Event: 2971.770 GC heap before
{Heap before GC invocations=74 (full 4):
 PSYoungGen      total 223232K, used 27126K [0x00000000f0000000, 0x0000000100000000, 0x0000000100000000)
  eden space 185344K, 0% used [0x00000000f0000000,0x00000000f0000000,0x00000000fb500000)
  from space 37888K, 71% used [0x00000000fdb00000,0x00000000ff57d8c0,0x0000000100000000)
  to   space 38400K, 0% used [0x00000000fb500000,0x00000000fb500000,0x00000000fda80000)
 ParOldGen       total 524288K, used 145033K [0x00000000d0000000, 0x00000000f0000000, 0x00000000f0000000)
  object space 524288K, 27% used [0x00000000d0000000,0x00000000d8da2540,0x00000000f0000000)
 Metaspace       used 92061K, capacity 98560K, committed 98584K, reserved 1134592K
  class space    used 11826K, capacity 13605K, committed 13616K, reserved 1048576K
Event: 2972.910 GC heap after
Heap after GC invocations=74 (full 4):
 PSYoungGen      total 223232K, used 0K [0x00000000f0000000, 0x0000000100000000, 0x0000000100000000)
  eden space 185344K, 0% used [0x00000000f0000000,0x00000000f0000000,0x00000000fb500000)
  from space 37888K, 0% used [0x00000000fdb00000,0x00000000fdb00000,0x0000000100000000)
  to   space 38400K, 0% used [0x00000000fb500000,0x00000000fb500000,0x00000000fda80000)
 ParOldGen       total 524288K, used 137990K [0x00000000d0000000, 0x00000000f0000000, 0x00000000f0000000)
  object space 524288K, 26% used [0x00000000d0000000,0x00000000d86c1ba8,0x00000000f0000000)
 Metaspace       used 87585K, capacity 93024K, committed 98584K, reserved 1134592K
  class space    used 11188K, capacity 12663K, committed 13616K, reserved 1048576K
}

